<?xml version="1.0" encoding="UTF-8"?>
<!-- Generated by org.testng.reporters.JUnitReportReporter -->
<testsuite skipped="0" hostname="ip-172-31-10-106" name="test.Groups" tests="2" failures="0" timestamp="2021-02-19T07:22:49 UTC" time="0.013" errors="0">
  <testcase name="method1" time="0.009" classname="test.Groups"/>
  <system-out/>
  <testcase name="method2" time="0.004" classname="test.Groups"/>
  <system-out/>
</testsuite> <!-- test.Groups -->
