<?xml version="1.0" encoding="UTF-8"?>
<!-- Generated by org.testng.reporters.JUnitReportReporter -->
<testsuite skipped="0" hostname="ip-172-31-10-106" name="test.ParametersEx" tests="1" failures="0" timestamp="2021-02-22T05:51:01 UTC" time="0.008" errors="0">
  <testcase name="testcase1" time="0.008" classname="test.ParametersEx"/>
  <system-out/>
</testsuite> <!-- test.ParametersEx -->
