<?xml version="1.0" encoding="UTF-8"?>
<!-- Generated by org.testng.reporters.JUnitReportReporter -->
<testsuite skipped="0" hostname="ip-172-31-10-106" name="test.TestCase1" tests="2" failures="0" timestamp="2021-02-19T06:42:26 UTC" time="0.004" errors="0">
  <testcase name="method1" time="0.003" classname="test.TestCase1"/>
  <system-out/>
  <testcase name="method2" time="0.001" classname="test.TestCase1"/>
  <system-out/>
</testsuite> <!-- test.TestCase1 -->
